 
New instance of bashtop version: 0.9.25 Pid: 39603
 
New instance of bashtop version: 0.9.25 Pid: 75503
 
New instance of bashtop version: 0.9.25 Pid: 3483
 
New instance of bashtop version: 0.9.25 Pid: 72867
 
New instance of bashtop version: 0.9.25 Pid: 4132
 
New instance of bashtop version: 0.9.25 Pid: 2170
 
New instance of bashtop version: 0.9.25 Pid: 23485
 
New instance of bashtop version: 0.9.25 Pid: 3425
 
New instance of bashtop version: 0.9.25 Pid: 4240
 
New instance of bashtop version: 0.9.25 Pid: 69869
 
New instance of bashtop version: 0.9.25 Pid: 123402
 
New instance of bashtop version: 0.9.25 Pid: 123741
 
New instance of bashtop version: 0.9.25 Pid: 123875
 
New instance of bashtop version: 0.9.25 Pid: 124265
 
New instance of bashtop version: 0.9.25 Pid: 124929
 
New instance of bashtop version: 0.9.25 Pid: 3609
 
New instance of bashtop version: 0.9.25 Pid: 1207
 
New instance of bashtop version: 0.9.25 Pid: 39571
 
New instance of bashtop version: 0.9.25 Pid: 28756
 
New instance of bashtop version: 0.9.25 Pid: 3829
 
New instance of bashtop version: 0.9.25 Pid: 117025
 
New instance of bashtop version: 0.9.25 Pid: 135931
/usr/bin/bashtop: line 1337: ((: Pid: Program:       Arguments:                                  Threads: User:    Mem%       Cpu%: syntax error in expression (error token is ": Program:       Arguments:                                  Threads: User:    Mem%       Cpu%")
/usr/bin/bashtop: line 1347: ((: Pid: Program:       Arguments:                                  Threads: User:    Mem%       Cpu%: syntax error in expression (error token is ": Program:       Arguments:                                  Threads: User:    Mem%       Cpu%")
/usr/bin/bashtop: line 1353: ((: Pid: Program:       Arguments:                                  Threads: User:    Mem%       Cpu%: syntax error in expression (error token is ": Program:       Arguments:                                  Threads: User:    Mem%       Cpu%")
/usr/bin/bashtop: line 1334: ((: Pid: Program:       Arguments:                                  Threads: User:    Mem%       Cpu%: syntax error in expression (error token is ": Program:       Arguments:                                  Threads: User:    Mem%       Cpu%")
/usr/bin/bashtop: line 1353: ((: Pid: Program:       Arguments:                                  Threads: User:    Mem%       Cpu%: syntax error in expression (error token is ": Program:       Arguments:                                  Threads: User:    Mem%       Cpu%")
/usr/bin/bashtop: line 1334: ((: Pid: Program:       Arguments:                                  Threads: User:    Mem%       Cpu%: syntax error in expression (error token is ": Program:       Arguments:                                  Threads: User:    Mem%       Cpu%")
/usr/bin/bashtop: line 3037: Pid: Program:       Arguments:                                  Threads: User:    Mem%       Cpu%: syntax error in expression (error token is ": Program:       Arguments:                                  Threads: User:    Mem%       Cpu%")
 
New instance of bashtop version: 0.9.25 Pid: 232931
 
New instance of bashtop version: 0.9.25 Pid: 4847
/usr/bin/bashtop: line 1337: ((: 56 ksoftirqd/6    [ksoftirqd/6]                                      1 root      0.0        0.0 : syntax error in expression (error token is "ksoftirqd/6    [ksoftirqd/6]                                      1 root      0.0        0.0 ")
/usr/bin/bashtop: line 1347: ((: 56 ksoftirqd/6    [ksoftirqd/6]                                      1 root      0.0        0.0 : syntax error in expression (error token is "ksoftirqd/6    [ksoftirqd/6]                                      1 root      0.0        0.0 ")
/usr/bin/bashtop: line 1353: ((: 56 ksoftirqd/6    [ksoftirqd/6]                                      1 root      0.0        0.0 : syntax error in expression (error token is "ksoftirqd/6    [ksoftirqd/6]                                      1 root      0.0        0.0 ")
/usr/bin/bashtop: line 1334: ((: 56 ksoftirqd/6    [ksoftirqd/6]                                      1 root      0.0        0.0 : syntax error in expression (error token is "ksoftirqd/6    [ksoftirqd/6]                                      1 root      0.0        0.0 ")
/usr/bin/bashtop: line 1347: ((: 56 ksoftirqd/6    [ksoftirqd/6]                                      1 root      0.0        0.0 : syntax error in expression (error token is "ksoftirqd/6    [ksoftirqd/6]                                      1 root      0.0        0.0 ")
/usr/bin/bashtop: line 1353: ((: 56 ksoftirqd/6    [ksoftirqd/6]                                      1 root      0.0        0.0 : syntax error in expression (error token is "ksoftirqd/6    [ksoftirqd/6]                                      1 root      0.0        0.0 ")
/usr/bin/bashtop: line 1334: ((: 56 ksoftirqd/6    [ksoftirqd/6]                                      1 root      0.0        0.0 : syntax error in expression (error token is "ksoftirqd/6    [ksoftirqd/6]                                      1 root      0.0        0.0 ")
/usr/bin/bashtop: line 3037: 56 ksoftirqd/6    [ksoftirqd/6]                                      1 root      0.0        0.0 : syntax error in expression (error token is "ksoftirqd/6    [ksoftirqd/6]                                      1 root      0.0        0.0 ")
 
New instance of bashtop version: 0.9.25 Pid: 70970
 
New instance of bashtop version: 0.9.25 Pid: 3904
 
New instance of bashtop version: 0.9.25 Pid: 925
 
New instance of bashtop version: 0.9.25 Pid: 4616
 
New instance of bashtop version: 0.9.25 Pid: 896
 
New instance of bashtop version: 0.9.25 Pid: 88428
 
New instance of bashtop version: 0.9.25 Pid: 97900
 
New instance of bashtop version: 0.9.25 Pid: 35638
 
New instance of bashtop version: 0.9.25 Pid: 36866
 
New instance of bashtop version: 0.9.25 Pid: 61338
 
New instance of bashtop version: 0.9.25 Pid: 5764
 
New instance of bashtop version: 0.9.25 Pid: 1085
 
New instance of bashtop version: 0.9.25 Pid: 223643
 
New instance of bashtop version: 0.9.25 Pid: 1466
 
New instance of bashtop version: 0.9.25 Pid: 314998
 
New instance of bashtop version: 0.9.25 Pid: 4662
 
New instance of bashtop version: 0.9.25 Pid: 9459
 
New instance of bashtop version: 0.9.25 Pid: 1109
 
New instance of bashtop version: 0.9.25 Pid: 314095
 
New instance of bashtop version: 0.9.25 Pid: 325023
 
New instance of bashtop version: 0.9.25 Pid: 6910
 
New instance of bashtop version: 0.9.25 Pid: 1239
 
New instance of bashtop version: 0.9.25 Pid: 857605
 
New instance of bashtop version: 0.9.25 Pid: 861131
 
New instance of bashtop version: 0.9.25 Pid: 997609
 
New instance of bashtop version: 0.9.25 Pid: 6494
 
New instance of bashtop version: 0.9.25 Pid: 6371
 
New instance of bashtop version: 0.9.25 Pid: 3835
 
New instance of bashtop version: 0.9.25 Pid: 837151
 
New instance of bashtop version: 0.9.25 Pid: 2232497
 
New instance of bashtop version: 0.9.25 Pid: 1134382
 
New instance of bashtop version: 0.9.25 Pid: 1192
 
New instance of bashtop version: 0.9.25 Pid: 38469
 
New instance of bashtop version: 0.9.25 Pid: 2128
 
New instance of bashtop version: 0.9.25 Pid: 20684
 
New instance of bashtop version: 0.9.25 Pid: 57268
 
New instance of bashtop version: 0.9.25 Pid: 1898995
 
New instance of bashtop version: 0.9.25 Pid: 2209
 
New instance of bashtop version: 0.9.25 Pid: 2698
 
New instance of bashtop version: 0.9.25 Pid: 4089
 
New instance of bashtop version: 0.9.25 Pid: 9986
 
New instance of bashtop version: 0.9.25 Pid: 78762
 
New instance of bashtop version: 0.9.25 Pid: 100566
 
New instance of bashtop version: 0.9.25 Pid: 302862
 
New instance of bashtop version: 0.9.25 Pid: 387602
 
New instance of bashtop version: 0.9.25 Pid: 584025
 
New instance of bashtop version: 0.9.25 Pid: 97488
 
New instance of bashtop version: 0.9.25 Pid: 22313
 
New instance of bashtop version: 0.9.25 Pid: 123937
 
New instance of bashtop version: 0.9.25 Pid: 18512
 
New instance of bashtop version: 0.9.25 Pid: 26636
 
New instance of bashtop version: 0.9.25 Pid: 139554
 
New instance of bashtop version: 0.9.25 Pid: 392339
 
New instance of bashtop version: 0.9.25 Pid: 408324
 
New instance of bashtop version: 0.9.25 Pid: 574278
05:10:23 PM ERROR: On line 4353 
 
New instance of bashtop version: 0.9.25 Pid: 812374
 
New instance of bashtop version: 0.9.25 Pid: 863690
 
New instance of bashtop version: 0.9.25 Pid: 1007202
 
New instance of bashtop version: 0.9.25 Pid: 1142052
 
New instance of bashtop version: 0.9.25 Pid: 1175926
 
New instance of bashtop version: 0.9.25 Pid: 1128
 
New instance of bashtop version: 0.9.25 Pid: 19746
 
New instance of bashtop version: 0.9.25 Pid: 32720
 
New instance of bashtop version: 0.9.25 Pid: 1557
 
New instance of bashtop version: 0.9.25 Pid: 2566343
 
New instance of bashtop version: 0.9.25 Pid: 2686219
 
New instance of bashtop version: 0.9.25 Pid: 3360332
 
New instance of bashtop version: 0.9.25 Pid: 1974154
 
New instance of bashtop version: 0.9.25 Pid: 2599094
 
New instance of bashtop version: 0.9.25 Pid: 151214
 
New instance of bashtop version: 0.9.25 Pid: 1358781
 
New instance of bashtop version: 0.9.25 Pid: 18790
 
New instance of bashtop version: 0.9.25 Pid: 122981
 
New instance of bashtop version: 0.9.25 Pid: 231450
 
New instance of bashtop version: 0.9.25 Pid: 16267
 
New instance of bashtop version: 0.9.25 Pid: 1505217
 
New instance of bashtop version: 0.9.25 Pid: 18870
 
New instance of bashtop version: 0.9.25 Pid: 1109167
/usr/bin/bashtop: line 1337: ((: Pid: Program:       Arguments:                                 Threads: User:    Mem%       Cpu%: syntax error in expression (error token is ": Program:       Arguments:                                 Threads: User:    Mem%       Cpu%")
/usr/bin/bashtop: line 1347: ((: Pid: Program:       Arguments:                                 Threads: User:    Mem%       Cpu%: syntax error in expression (error token is ": Program:       Arguments:                                 Threads: User:    Mem%       Cpu%")
/usr/bin/bashtop: line 1353: ((: Pid: Program:       Arguments:                                 Threads: User:    Mem%       Cpu%: syntax error in expression (error token is ": Program:       Arguments:                                 Threads: User:    Mem%       Cpu%")
/usr/bin/bashtop: line 1334: ((: Pid: Program:       Arguments:                                 Threads: User:    Mem%       Cpu%: syntax error in expression (error token is ": Program:       Arguments:                                 Threads: User:    Mem%       Cpu%")
/usr/bin/bashtop: line 1353: ((: Pid: Program:       Arguments:                                 Threads: User:    Mem%       Cpu%: syntax error in expression (error token is ": Program:       Arguments:                                 Threads: User:    Mem%       Cpu%")
/usr/bin/bashtop: line 1334: ((: Pid: Program:       Arguments:                                 Threads: User:    Mem%       Cpu%: syntax error in expression (error token is ": Program:       Arguments:                                 Threads: User:    Mem%       Cpu%")
/usr/bin/bashtop: line 3037: Pid: Program:       Arguments:                                 Threads: User:    Mem%       Cpu%: syntax error in expression (error token is ": Program:       Arguments:                                 Threads: User:    Mem%       Cpu%")
 
New instance of bashtop version: 0.9.25 Pid: 1485311
 
New instance of bashtop version: 0.9.25 Pid: 1058
